[backblue.gif]
[fade.gif]
[index.html]
[sefforukraine.sef.pt/Content/fontawesome.min.css]
[sefforukraine.sef.pt/Content/myFooter.css]
[sefforukraine.sef.pt/Content/bootstrap.css]
[sefforukraine.sef.pt/Content/Site.css]
[sefforukraine.sef.pt/Scripts/jquery-3.6.0.js]
[sefforukraine.sef.pt/Scripts/bootstrap.js]
[sefforukraine.sef.pt/Scripts/inputmask/jquery.inputmask.js]
[sefforukraine.sef.pt/images/bg.png]
[sefforukraine.sef.pt/Images/AIMA_H_B.png]
[www.google.com/recaptcha/api8c9b.js]
[sefforukraine.sef.pt/CheckDoc/ValidacaoCertificado.html]
[sefforukraine.sef.pt/Content/fontawesome.min.css]
[sefforukraine.sef.pt/Content/myFooter.css]
[sefforukraine.sef.pt/Content/bootstrap.css]
[sefforukraine.sef.pt/Content/Site.css]
[sefforukraine.sef.pt/Scripts/fontawesome/all.min.js]
[sefforukraine.sef.pt/images/checkmark_16.html]
